<?xml version="1.0" encoding="UTF-8"?>
<!-- Generated by org.testng.reporters.JUnitXMLReporter -->
<testsuite ignored="3" hostname="DESKTOP-CVGL8I0" failures="0" tests="1" name="Default test" time="26.813" errors="0" timestamp="2025-11-23T17:32:12 IST">
  <testcase classname="opsTestcaseExecution.opscustomermanagementExecutionclass" name="customermanagementrequesttorejectflow" time="8.571"/>
  <testcase classname="opsTestcaseExecution.opscustomermanagementExecutionclass" name="customermanagementopsexecutiveapprovalflow" time="0.0">
    <ignored/>
  </testcase> <!-- customermanagementopsexecutiveapprovalflow -->
  <testcase classname="opsTestcaseExecution.opscustomermanagementExecutionclass" name="customermanagementassignflow" time="0.0">
    <ignored/>
  </testcase> <!-- customermanagementassignflow -->
  <testcase classname="opsTestcaseExecution.opscustomermanagementExecutionclass" name="customermanagementapprovalflow" time="0.0">
    <ignored/>
  </testcase> <!-- customermanagementapprovalflow -->
</testsuite> <!-- Default test -->
