<?xml version="1.0" encoding="UTF-8"?>
<!-- Generated by org.testng.reporters.JUnitXMLReporter -->
<testsuite ignored="1" hostname="Active34" failures="0" tests="1" name="Default test" time="10.677" errors="0" timestamp="2025-12-18T16:11:28 IST">
  <testcase classname="opsTestcaseExecution.opsordermanagementExecutionclass" name="opsmanagersignaturefororder" time="8.058"/>
  <testcase classname="opsTestcaseExecution.opsordermanagementExecutionclass" name="ordermanagementlistpage" time="0.0">
    <ignored/>
  </testcase> <!-- ordermanagementlistpage -->
</testsuite> <!-- Default test -->
