<?xml version="1.0" encoding="UTF-8"?>
<!-- Generated by org.testng.reporters.JUnitXMLReporter -->
<testsuite ignored="1" hostname="Active34" failures="0" tests="1" name="Default test" time="16.595" errors="0" timestamp="2025-12-24T17:43:21 IST">
  <testcase classname="opsTestcaseExecution.opsvendormanagementExecutionclass" name="vendormanagementlistpage" time="12.892"/>
  <testcase classname="opsTestcaseExecution.opsvendormanagementExecutionclass" name="opsvendorapprovalflow" time="0.0">
    <ignored/>
  </testcase> <!-- opsvendorapprovalflow -->
</testsuite> <!-- Default test -->
