<?xml version="1.0" encoding="UTF-8"?>
<!-- Generated by org.testng.reporters.JUnitXMLReporter -->
<testsuite ignored="2" hostname="Active34" failures="0" tests="1" name="Default test" time="53.757" errors="0" timestamp="2025-11-12T16:49:22 IST">
  <testcase classname="opsTestcaseExecution.opscustomermanagementExecutionclass" name="customermanagementapprovalflow" time="51.217"/>
  <testcase classname="opsTestcaseExecution.opscustomermanagementExecutionclass" name="customermanagementrequesttorejectflow" time="0.0">
    <ignored/>
  </testcase> <!-- customermanagementrequesttorejectflow -->
  <testcase classname="opsTestcaseExecution.opscustomermanagementExecutionclass" name="customermanagementassignflow" time="0.0">
    <ignored/>
  </testcase> <!-- customermanagementassignflow -->
</testsuite> <!-- Default test -->
