<?xml version="1.0" encoding="UTF-8"?>
<!-- Generated by org.testng.reporters.JUnitXMLReporter -->
<testsuite ignored="4" hostname="Active34" failures="0" tests="1" name="Default test" time="18.53" errors="0" timestamp="2025-12-23T17:21:36 IST">
  <testcase classname="opsTestcaseExecution.opscustomermanagementExecutionclass" name="opscustomermgmtactivitylistpage" time="16.333"/>
  <testcase classname="opsTestcaseExecution.opscustomermanagementExecutionclass" name="customermanagementrequesttorejectflow" time="0.0">
    <ignored/>
  </testcase> <!-- customermanagementrequesttorejectflow -->
  <testcase classname="opsTestcaseExecution.opscustomermanagementExecutionclass" name="customermanagementapprovalflow" time="0.0">
    <ignored/>
  </testcase> <!-- customermanagementapprovalflow -->
  <testcase classname="opsTestcaseExecution.opscustomermanagementExecutionclass" name="customermanagementopsexecutiveapprovalflow" time="0.0">
    <ignored/>
  </testcase> <!-- customermanagementopsexecutiveapprovalflow -->
  <testcase classname="opsTestcaseExecution.opscustomermanagementExecutionclass" name="customermanagementassignflow" time="0.0">
    <ignored/>
  </testcase> <!-- customermanagementassignflow -->
</testsuite> <!-- Default test -->
