<?xml version="1.0" encoding="UTF-8"?>
<!-- Generated by org.testng.reporters.JUnitXMLReporter -->
<testsuite ignored="1" hostname="DESKTOP-CVGL8I0" failures="0" tests="1" name="Default test" time="31.237" errors="0" timestamp="2025-11-03T19:25:37 IST">
  <testcase classname="opsTestcaseExecution.opscustomermanagementExecutionclass" name="customermanagementassignflow" time="18.103"/>
  <testcase classname="opsTestcaseExecution.opscustomermanagementExecutionclass" name="customermanagementapprovalflow" time="0.0">
    <ignored/>
  </testcase> <!-- customermanagementapprovalflow -->
</testsuite> <!-- Default test -->
