<?xml version="1.0" encoding="UTF-8"?>
<!-- Generated by org.testng.reporters.JUnitXMLReporter -->
<testsuite ignored="2" hostname="Active34" failures="0" tests="1" name="Default test" time="14.979" errors="0" timestamp="2025-12-19T12:08:33 IST">
  <testcase classname="opsTestcaseExecution.opsticketmanagementcloseticketExecutionclass" name="closeticketbyopsadminpage" time="11.243"/>
  <testcase classname="opsTestcaseExecution.opsticketmanagementcloseticketExecutionclass" name="Assignticketpage" time="0.0">
    <ignored/>
  </testcase> <!-- Assignticketpage -->
  <testcase classname="opsTestcaseExecution.opsticketmanagementcloseticketExecutionclass" name="escalateticketpage" time="0.0">
    <ignored/>
  </testcase> <!-- escalateticketpage -->
</testsuite> <!-- Default test -->
