<?xml version="1.0" encoding="UTF-8"?>
<testng-results ignored="0" total="1" passed="1" failed="0" skipped="0">
  <reporter-output>
  </reporter-output>
  <suite started-at="2025-11-05T22:37:28 IST" name="Default suite" finished-at="2025-11-05T22:37:44 IST" duration-ms="15613">
    <groups>
    </groups>
    <test started-at="2025-11-05T22:37:28 IST" name="Default test" finished-at="2025-11-05T22:37:44 IST" duration-ms="15613">
      <class name="opsTestcaseExecution.opsticketmanagementcloseticketExecutionclass">
        <test-method is-config="true" signature="setup()[pri:0, instance:opsTestcaseExecution.opsticketmanagementcloseticketExecutionclass@587e5365]" started-at="2025-11-05T22:37:28 IST" name="setup" finished-at="2025-11-05T22:37:32 IST" duration-ms="3525" status="PASS">
          <reporter-output>
          </reporter-output>
        </test-method> <!-- setup -->
        <test-method signature="closeticketpage()[pri:0, instance:opsTestcaseExecution.opsticketmanagementcloseticketExecutionclass@587e5365]" started-at="2025-11-05T22:37:32 IST" name="closeticketpage" finished-at="2025-11-05T22:37:43 IST" duration-ms="11693" status="PASS">
          <reporter-output>
          </reporter-output>
        </test-method> <!-- closeticketpage -->
        <test-method is-config="true" signature="tear(org.testng.ITestResult)[pri:0, instance:opsTestcaseExecution.opsticketmanagementcloseticketExecutionclass@587e5365]" started-at="2025-11-05T22:37:43 IST" name="tear" finished-at="2025-11-05T22:37:44 IST" duration-ms="302" status="PASS">
          <params>
            <param index="0">
              <value>
                <![CDATA[[TestResult name=closeticketpage status=SUCCESS method=opsticketmanagementcloseticketExecutionclass.closeticketpage()[pri:0, instance:opsTestcaseExecution.opsticketmanagementcloseticketExecutionclass@587e5365] output={null}]]]>
              </value>
            </param>
          </params>
          <reporter-output>
          </reporter-output>
        </test-method> <!-- tear -->
      </class> <!-- opsTestcaseExecution.opsticketmanagementcloseticketExecutionclass -->
    </test> <!-- Default test -->
  </suite> <!-- Default suite -->
</testng-results>
