<?xml version="1.0" encoding="UTF-8"?>
<testng-results ignored="0" total="1" passed="1" failed="0" skipped="0">
  <reporter-output>
  </reporter-output>
  <suite started-at="2025-12-19T12:08:18 IST" name="Default suite" finished-at="2025-12-19T12:08:33 IST" duration-ms="14979">
    <groups>
    </groups>
    <test started-at="2025-12-19T12:08:18 IST" name="Default test" finished-at="2025-12-19T12:08:33 IST" duration-ms="14979">
      <class name="opsTestcaseExecution.opsticketmanagementcloseticketExecutionclass">
        <test-method is-config="true" signature="setup()[pri:0, instance:opsTestcaseExecution.opsticketmanagementcloseticketExecutionclass@661972b0]" started-at="2025-12-19T12:08:18 IST" name="setup" finished-at="2025-12-19T12:08:21 IST" duration-ms="3589" status="PASS">
          <reporter-output>
          </reporter-output>
        </test-method> <!-- setup -->
        <test-method signature="closeticketbyopsadminpage()[pri:1, instance:opsTestcaseExecution.opsticketmanagementcloseticketExecutionclass@661972b0]" started-at="2025-12-19T12:08:21 IST" name="closeticketbyopsadminpage" finished-at="2025-12-19T12:08:33 IST" duration-ms="11243" status="PASS">
          <reporter-output>
          </reporter-output>
        </test-method> <!-- closeticketbyopsadminpage -->
        <test-method is-config="true" signature="tear(org.testng.ITestResult)[pri:0, instance:opsTestcaseExecution.opsticketmanagementcloseticketExecutionclass@661972b0]" started-at="2025-12-19T12:08:33 IST" name="tear" finished-at="2025-12-19T12:08:33 IST" duration-ms="101" status="PASS">
          <params>
            <param index="0">
              <value>
                <![CDATA[[TestResult name=closeticketbyopsadminpage status=SUCCESS method=opsticketmanagementcloseticketExecutionclass.closeticketbyopsadminpage()[pri:1, instance:opsTestcaseExecution.opsticketmanagementcloseticketExecutionclass@661972b0] output={null}]]]>
              </value>
            </param>
          </params>
          <reporter-output>
          </reporter-output>
        </test-method> <!-- tear -->
      </class> <!-- opsTestcaseExecution.opsticketmanagementcloseticketExecutionclass -->
    </test> <!-- Default test -->
  </suite> <!-- Default suite -->
</testng-results>
