<?xml version="1.0" encoding="UTF-8"?>
<testng-results ignored="0" total="1" passed="1" failed="0" skipped="0">
  <reporter-output>
  </reporter-output>
  <suite started-at="2025-11-23T17:31:46 IST" name="Default suite" finished-at="2025-11-23T17:32:12 IST" duration-ms="26813">
    <groups>
    </groups>
    <test started-at="2025-11-23T17:31:46 IST" name="Default test" finished-at="2025-11-23T17:32:12 IST" duration-ms="26813">
      <class name="opsTestcaseExecution.opscustomermanagementExecutionclass">
        <test-method is-config="true" signature="setup()[pri:0, instance:opsTestcaseExecution.opscustomermanagementExecutionclass@4988d8b8]" started-at="2025-11-23T17:31:46 IST" name="setup" finished-at="2025-11-23T17:32:03 IST" duration-ms="17884" status="PASS">
          <reporter-output>
          </reporter-output>
        </test-method> <!-- setup -->
        <test-method signature="customermanagementrequesttorejectflow()[pri:2, instance:opsTestcaseExecution.opscustomermanagementExecutionclass@4988d8b8]" started-at="2025-11-23T17:32:03 IST" name="customermanagementrequesttorejectflow" finished-at="2025-11-23T17:32:12 IST" duration-ms="8571" status="PASS">
          <reporter-output>
          </reporter-output>
        </test-method> <!-- customermanagementrequesttorejectflow -->
        <test-method is-config="true" signature="tear(org.testng.ITestResult)[pri:0, instance:opsTestcaseExecution.opscustomermanagementExecutionclass@4988d8b8]" started-at="2025-11-23T17:32:12 IST" name="tear" finished-at="2025-11-23T17:32:12 IST" duration-ms="278" status="PASS">
          <params>
            <param index="0">
              <value>
                <![CDATA[[TestResult name=customermanagementrequesttorejectflow status=SUCCESS method=opscustomermanagementExecutionclass.customermanagementrequesttorejectflow()[pri:2, instance:opsTestcaseExecution.opscustomermanagementExecutionclass@4988d8b8] output={null}]]]>
              </value>
            </param>
          </params>
          <reporter-output>
          </reporter-output>
        </test-method> <!-- tear -->
      </class> <!-- opsTestcaseExecution.opscustomermanagementExecutionclass -->
    </test> <!-- Default test -->
  </suite> <!-- Default suite -->
</testng-results>
