<?xml version="1.0" encoding="UTF-8"?>
<testng-results ignored="0" total="1" passed="1" failed="0" skipped="0">
  <reporter-output>
  </reporter-output>
  <suite started-at="2025-12-23T17:21:18 IST" name="Default suite" finished-at="2025-12-23T17:21:36 IST" duration-ms="18530">
    <groups>
    </groups>
    <test started-at="2025-12-23T17:21:18 IST" name="Default test" finished-at="2025-12-23T17:21:36 IST" duration-ms="18530">
      <class name="opsTestcaseExecution.opscustomermanagementExecutionclass">
        <test-method is-config="true" signature="setup()[pri:0, instance:opsTestcaseExecution.opscustomermanagementExecutionclass@323b36e0]" started-at="2025-12-23T17:21:18 IST" name="setup" finished-at="2025-12-23T17:21:20 IST" duration-ms="2059" status="PASS">
          <reporter-output>
          </reporter-output>
        </test-method> <!-- setup -->
        <test-method signature="opscustomermgmtactivitylistpage()[pri:0, instance:opsTestcaseExecution.opscustomermanagementExecutionclass@323b36e0]" started-at="2025-12-23T17:21:20 IST" name="opscustomermgmtactivitylistpage" finished-at="2025-12-23T17:21:36 IST" duration-ms="16333" status="PASS">
          <reporter-output>
          </reporter-output>
        </test-method> <!-- opscustomermgmtactivitylistpage -->
        <test-method is-config="true" signature="tear(org.testng.ITestResult)[pri:0, instance:opsTestcaseExecution.opscustomermanagementExecutionclass@323b36e0]" started-at="2025-12-23T17:21:36 IST" name="tear" finished-at="2025-12-23T17:21:36 IST" duration-ms="92" status="PASS">
          <params>
            <param index="0">
              <value>
                <![CDATA[[TestResult name=opscustomermgmtactivitylistpage status=SUCCESS method=opscustomermanagementExecutionclass.opscustomermgmtactivitylistpage()[pri:0, instance:opsTestcaseExecution.opscustomermanagementExecutionclass@323b36e0] output={null}]]]>
              </value>
            </param>
          </params>
          <reporter-output>
          </reporter-output>
        </test-method> <!-- tear -->
      </class> <!-- opsTestcaseExecution.opscustomermanagementExecutionclass -->
    </test> <!-- Default test -->
  </suite> <!-- Default suite -->
</testng-results>
