<?xml version="1.0" encoding="UTF-8"?>
<testng-results ignored="0" total="1" passed="1" failed="0" skipped="0">
  <reporter-output>
  </reporter-output>
  <suite started-at="2025-11-11T16:08:24 IST" name="Default suite" finished-at="2025-11-11T16:12:45 IST" duration-ms="260372">
    <groups>
    </groups>
    <test started-at="2025-11-11T16:08:24 IST" name="Default test" finished-at="2025-11-11T16:12:45 IST" duration-ms="260372">
      <class name="opsTestcaseExecution.opscustomermanagementExecutionclass">
        <test-method is-config="true" signature="setup()[pri:0, instance:opsTestcaseExecution.opscustomermanagementExecutionclass@7c729a55]" started-at="2025-11-11T16:08:24 IST" name="setup" finished-at="2025-11-11T16:08:35 IST" duration-ms="10800" status="PASS">
          <reporter-output>
          </reporter-output>
        </test-method> <!-- setup -->
        <test-method signature="customermanagementapprovalflow()[pri:0, instance:opsTestcaseExecution.opscustomermanagementExecutionclass@7c729a55]" started-at="2025-11-11T16:08:35 IST" name="customermanagementapprovalflow" finished-at="2025-11-11T16:12:44 IST" duration-ms="249419" status="PASS">
          <reporter-output>
          </reporter-output>
        </test-method> <!-- customermanagementapprovalflow -->
        <test-method is-config="true" signature="tear(org.testng.ITestResult)[pri:0, instance:opsTestcaseExecution.opscustomermanagementExecutionclass@7c729a55]" started-at="2025-11-11T16:12:44 IST" name="tear" finished-at="2025-11-11T16:12:45 IST" duration-ms="101" status="PASS">
          <params>
            <param index="0">
              <value>
                <![CDATA[[TestResult name=customermanagementapprovalflow status=SUCCESS method=opscustomermanagementExecutionclass.customermanagementapprovalflow()[pri:0, instance:opsTestcaseExecution.opscustomermanagementExecutionclass@7c729a55] output={null}]]]>
              </value>
            </param>
          </params>
          <reporter-output>
          </reporter-output>
        </test-method> <!-- tear -->
      </class> <!-- opsTestcaseExecution.opscustomermanagementExecutionclass -->
    </test> <!-- Default test -->
  </suite> <!-- Default suite -->
</testng-results>
