<?xml version="1.0" encoding="UTF-8"?>
<testng-results ignored="0" total="1" passed="1" failed="0" skipped="0">
  <reporter-output>
  </reporter-output>
  <suite started-at="2025-09-22T21:38:44 IST" name="Default suite" finished-at="2025-09-22T21:39:01 IST" duration-ms="17841">
    <groups>
    </groups>
    <test started-at="2025-09-22T21:38:44 IST" name="Default test" finished-at="2025-09-22T21:39:01 IST" duration-ms="17841">
      <class name="opsTestcaseExecution.opsteammanagementclass">
        <test-method is-config="true" signature="setup()[pri:0, instance:opsTestcaseExecution.opsteammanagementclass@587e5365]" started-at="2025-09-22T21:38:44 IST" name="setup" finished-at="2025-09-22T21:38:49 IST" duration-ms="5706" status="PASS">
          <reporter-output>
          </reporter-output>
        </test-method> <!-- setup -->
        <test-method signature="listteammanagement()[pri:0, instance:opsTestcaseExecution.opsteammanagementclass@587e5365]" started-at="2025-09-22T21:38:49 IST" name="listteammanagement" finished-at="2025-09-22T21:39:01 IST" duration-ms="11705" status="PASS">
          <reporter-output>
          </reporter-output>
        </test-method> <!-- listteammanagement -->
        <test-method is-config="true" signature="tear(org.testng.ITestResult)[pri:0, instance:opsTestcaseExecution.opsteammanagementclass@587e5365]" started-at="2025-09-22T21:39:01 IST" name="tear" finished-at="2025-09-22T21:39:01 IST" duration-ms="336" status="PASS">
          <params>
            <param index="0">
              <value>
                <![CDATA[[TestResult name=listteammanagement status=SUCCESS method=opsteammanagementclass.listteammanagement()[pri:0, instance:opsTestcaseExecution.opsteammanagementclass@587e5365] output={null}]]]>
              </value>
            </param>
          </params>
          <reporter-output>
          </reporter-output>
        </test-method> <!-- tear -->
      </class> <!-- opsTestcaseExecution.opsteammanagementclass -->
    </test> <!-- Default test -->
  </suite> <!-- Default suite -->
</testng-results>
