<?xml version="1.0" encoding="UTF-8"?>
<testng-results ignored="0" total="1" passed="1" failed="0" skipped="0">
  <reporter-output>
  </reporter-output>
  <suite started-at="2025-12-18T16:11:17 IST" name="Default suite" finished-at="2025-12-18T16:11:28 IST" duration-ms="10677">
    <groups>
    </groups>
    <test started-at="2025-12-18T16:11:17 IST" name="Default test" finished-at="2025-12-18T16:11:28 IST" duration-ms="10677">
      <class name="opsTestcaseExecution.opsordermanagementExecutionclass">
        <test-method is-config="true" signature="setup()[pri:0, instance:opsTestcaseExecution.opsordermanagementExecutionclass@3bb9a3ff]" started-at="2025-12-18T16:11:17 IST" name="setup" finished-at="2025-12-18T16:11:20 IST" duration-ms="2470" status="PASS">
          <reporter-output>
          </reporter-output>
        </test-method> <!-- setup -->
        <test-method signature="opsmanagersignaturefororder()[pri:1, instance:opsTestcaseExecution.opsordermanagementExecutionclass@3bb9a3ff]" started-at="2025-12-18T16:11:20 IST" name="opsmanagersignaturefororder" finished-at="2025-12-18T16:11:28 IST" duration-ms="8058" status="PASS">
          <reporter-output>
          </reporter-output>
        </test-method> <!-- opsmanagersignaturefororder -->
        <test-method is-config="true" signature="tear(org.testng.ITestResult)[pri:0, instance:opsTestcaseExecution.opsordermanagementExecutionclass@3bb9a3ff]" started-at="2025-12-18T16:11:28 IST" name="tear" finished-at="2025-12-18T16:11:28 IST" duration-ms="106" status="PASS">
          <params>
            <param index="0">
              <value>
                <![CDATA[[TestResult name=opsmanagersignaturefororder status=SUCCESS method=opsordermanagementExecutionclass.opsmanagersignaturefororder()[pri:1, instance:opsTestcaseExecution.opsordermanagementExecutionclass@3bb9a3ff] output={null}]]]>
              </value>
            </param>
          </params>
          <reporter-output>
          </reporter-output>
        </test-method> <!-- tear -->
      </class> <!-- opsTestcaseExecution.opsordermanagementExecutionclass -->
    </test> <!-- Default test -->
  </suite> <!-- Default suite -->
</testng-results>
