<?xml version="1.0" encoding="UTF-8"?>
<testng-results ignored="0" total="1" passed="1" failed="0" skipped="0">
  <reporter-output>
  </reporter-output>
  <suite started-at="2025-11-03T19:25:06 IST" name="Default suite" finished-at="2025-11-03T19:25:37 IST" duration-ms="31237">
    <groups>
    </groups>
    <test started-at="2025-11-03T19:25:06 IST" name="Default test" finished-at="2025-11-03T19:25:37 IST" duration-ms="31237">
      <class name="opsTestcaseExecution.opscustomermanagementExecutionclass">
        <test-method is-config="true" signature="setup()[pri:0, instance:opsTestcaseExecution.opscustomermanagementExecutionclass@587e5365]" started-at="2025-11-03T19:25:06 IST" name="setup" finished-at="2025-11-03T19:25:18 IST" duration-ms="12285" status="PASS">
          <reporter-output>
          </reporter-output>
        </test-method> <!-- setup -->
        <test-method signature="customermanagementassignflow()[pri:0, instance:opsTestcaseExecution.opscustomermanagementExecutionclass@587e5365]" started-at="2025-11-03T19:25:18 IST" name="customermanagementassignflow" finished-at="2025-11-03T19:25:36 IST" duration-ms="18103" status="PASS">
          <reporter-output>
          </reporter-output>
        </test-method> <!-- customermanagementassignflow -->
        <test-method is-config="true" signature="tear(org.testng.ITestResult)[pri:0, instance:opsTestcaseExecution.opscustomermanagementExecutionclass@587e5365]" started-at="2025-11-03T19:25:36 IST" name="tear" finished-at="2025-11-03T19:25:37 IST" duration-ms="758" status="PASS">
          <params>
            <param index="0">
              <value>
                <![CDATA[[TestResult name=customermanagementassignflow status=SUCCESS method=opscustomermanagementExecutionclass.customermanagementassignflow()[pri:0, instance:opsTestcaseExecution.opscustomermanagementExecutionclass@587e5365] output={null}]]]>
              </value>
            </param>
          </params>
          <reporter-output>
          </reporter-output>
        </test-method> <!-- tear -->
      </class> <!-- opsTestcaseExecution.opscustomermanagementExecutionclass -->
    </test> <!-- Default test -->
  </suite> <!-- Default suite -->
</testng-results>
