<?xml version="1.0" encoding="UTF-8"?>
<testng-results ignored="0" total="1" passed="1" failed="0" skipped="0">
  <reporter-output>
  </reporter-output>
  <suite started-at="2025-09-22T15:00:03 IST" name="Default suite" finished-at="2025-09-22T15:00:17 IST" duration-ms="14060">
    <groups>
    </groups>
    <test started-at="2025-09-22T15:00:03 IST" name="Default test" finished-at="2025-09-22T15:00:17 IST" duration-ms="14060">
      <class name="opsTestcaseExecution.opsteammanagementclass">
        <test-method is-config="true" signature="setup()[pri:0, instance:opsTestcaseExecution.opsteammanagementclass@74e52303]" started-at="2025-09-22T15:00:03 IST" name="setup" finished-at="2025-09-22T15:00:08 IST" duration-ms="5541" status="PASS">
          <reporter-output>
          </reporter-output>
        </test-method> <!-- setup -->
        <test-method signature="Teammanagementpage()[pri:0, instance:opsTestcaseExecution.opsteammanagementclass@74e52303]" started-at="2025-09-22T15:00:08 IST" name="Teammanagementpage" finished-at="2025-09-22T15:00:17 IST" duration-ms="8364" status="PASS">
          <reporter-output>
          </reporter-output>
        </test-method> <!-- Teammanagementpage -->
        <test-method is-config="true" signature="tear(org.testng.ITestResult)[pri:0, instance:opsTestcaseExecution.opsteammanagementclass@74e52303]" started-at="2025-09-22T15:00:17 IST" name="tear" finished-at="2025-09-22T15:00:17 IST" duration-ms="116" status="PASS">
          <params>
            <param index="0">
              <value>
                <![CDATA[[TestResult name=Teammanagementpage status=SUCCESS method=opsteammanagementclass.Teammanagementpage()[pri:0, instance:opsTestcaseExecution.opsteammanagementclass@74e52303] output={null}]]]>
              </value>
            </param>
          </params>
          <reporter-output>
          </reporter-output>
        </test-method> <!-- tear -->
      </class> <!-- opsTestcaseExecution.opsteammanagementclass -->
    </test> <!-- Default test -->
  </suite> <!-- Default suite -->
</testng-results>
