<?xml version="1.0" encoding="UTF-8"?>
<testng-results ignored="0" total="1" passed="1" failed="0" skipped="0">
  <reporter-output>
  </reporter-output>
  <suite started-at="2025-09-21T17:33:18 IST" name="Default suite" finished-at="2025-09-21T17:33:35 IST" duration-ms="17278">
    <groups>
    </groups>
    <test started-at="2025-09-21T17:33:18 IST" name="Default test" finished-at="2025-09-21T17:33:35 IST" duration-ms="17278">
      <class name="opsTestcaseExecution.opsteammanagementclass">
        <test-method is-config="true" signature="setup()[pri:0, instance:opsTestcaseExecution.opsteammanagementclass@43c1b556]" started-at="2025-09-21T17:33:18 IST" name="setup" finished-at="2025-09-21T17:33:25 IST" duration-ms="6591" status="PASS">
          <reporter-output>
          </reporter-output>
        </test-method> <!-- setup -->
        <test-method signature="Teammanagementpage()[pri:0, instance:opsTestcaseExecution.opsteammanagementclass@43c1b556]" started-at="2025-09-21T17:33:25 IST" name="Teammanagementpage" finished-at="2025-09-21T17:33:35 IST" duration-ms="10276" status="PASS">
          <reporter-output>
          </reporter-output>
        </test-method> <!-- Teammanagementpage -->
        <test-method is-config="true" signature="tear(org.testng.ITestResult)[pri:0, instance:opsTestcaseExecution.opsteammanagementclass@43c1b556]" started-at="2025-09-21T17:33:35 IST" name="tear" finished-at="2025-09-21T17:33:35 IST" duration-ms="340" status="PASS">
          <params>
            <param index="0">
              <value>
                <![CDATA[[TestResult name=Teammanagementpage status=SUCCESS method=opsteammanagementclass.Teammanagementpage()[pri:0, instance:opsTestcaseExecution.opsteammanagementclass@43c1b556] output={null}]]]>
              </value>
            </param>
          </params>
          <reporter-output>
          </reporter-output>
        </test-method> <!-- tear -->
      </class> <!-- opsTestcaseExecution.opsteammanagementclass -->
    </test> <!-- Default test -->
  </suite> <!-- Default suite -->
</testng-results>
