<?xml version="1.0" encoding="UTF-8"?>
<!-- Generated by org.testng.reporters.JUnitReportReporter -->
<testsuite hostname="Active34" failures="0" tests="2" name="opsTestcaseExecution.TransportercreatebusinessprofileExecutionclass" time="7.755" errors="0" timestamp="2025-12-24T17:08:39 IST" skipped="1">
  <testcase classname="opsTestcaseExecution.TransportercreatebusinessprofileExecutionclass" name="TransporterlistExecutionclass" time="7.755"/>
  <testcase classname="opsTestcaseExecution.TransportercreatebusinessprofileExecutionclass" name="TransportercreatebusinessprofileExecutionclass">
    <skipped/>
  </testcase> <!-- TransportercreatebusinessprofileExecutionclass -->
</testsuite> <!-- opsTestcaseExecution.TransportercreatebusinessprofileExecutionclass -->
