<?xml version="1.0" encoding="UTF-8"?>
<!-- Generated by org.testng.reporters.JUnitReportReporter -->
<testsuite hostname="Active34" failures="0" tests="3" name="opsTestcaseExecution.opsteammanagementclass" time="15.542" errors="0" timestamp="2025-12-24T16:15:08 IST" skipped="2">
  <testcase classname="opsTestcaseExecution.opsteammanagementclass" name="updateteammember" time="15.542"/>
  <testcase classname="opsTestcaseExecution.opsteammanagementclass" name="listteammanagement">
    <skipped/>
  </testcase> <!-- listteammanagement -->
  <testcase classname="opsTestcaseExecution.opsteammanagementclass" name="Teammanagementpage">
    <skipped/>
  </testcase> <!-- Teammanagementpage -->
</testsuite> <!-- opsTestcaseExecution.opsteammanagementclass -->
