<?xml version="1.0" encoding="UTF-8"?>
<!-- Generated by org.testng.reporters.JUnitReportReporter -->
<testsuite hostname="DESKTOP-CVGL8I0" failures="0" tests="1" name="opsTestcaseExecution.opsticketmanagementcloseticketExecutionclass" time="15.520" errors="0" timestamp="2025-11-05T22:37:44 IST" skipped="0">
  <testcase classname="opsTestcaseExecution.opsticketmanagementcloseticketExecutionclass" name="closeticketpage" time="15.520"/>
</testsuite> <!-- opsTestcaseExecution.opsticketmanagementcloseticketExecutionclass -->
