<?xml version="1.0" encoding="UTF-8"?>
<!-- Generated by org.testng.reporters.JUnitReportReporter -->
<testsuite hostname="Active34" failures="0" tests="1" name="opsTestcaseExecution.opscustomermgmtlistExecutionclass" time="10.574" errors="0" timestamp="2025-11-03T16:49:14 IST" skipped="0">
  <testcase classname="opsTestcaseExecution.opscustomermgmtlistExecutionclass" name="opscustomermgmtactivitylistpage" time="10.574"/>
</testsuite> <!-- opsTestcaseExecution.opscustomermgmtlistExecutionclass -->
