<?xml version="1.0" encoding="UTF-8"?>
<!-- Generated by org.testng.reporters.JUnitReportReporter -->
<testsuite hostname="Active34" failures="0" tests="2" name="opsTestcaseExecution.opsordermanagementExecutionclass" time="10.634" errors="0" timestamp="2025-12-18T16:11:28 IST" skipped="1">
  <testcase classname="opsTestcaseExecution.opsordermanagementExecutionclass" name="opsmanagersignaturefororder" time="10.634"/>
  <testcase classname="opsTestcaseExecution.opsordermanagementExecutionclass" name="ordermanagementlistpage">
    <skipped/>
  </testcase> <!-- ordermanagementlistpage -->
</testsuite> <!-- opsTestcaseExecution.opsordermanagementExecutionclass -->
