<?xml version="1.0" encoding="UTF-8"?>
<!-- Generated by org.testng.reporters.JUnitReportReporter -->
<testsuite hostname="Active34" failures="0" tests="3" name="opsTestcaseExecution.opscustomermanagementExecutionclass" time="53.705" errors="0" timestamp="2025-11-12T16:49:22 IST" skipped="2">
  <testcase classname="opsTestcaseExecution.opscustomermanagementExecutionclass" name="customermanagementapprovalflow" time="53.705"/>
  <testcase classname="opsTestcaseExecution.opscustomermanagementExecutionclass" name="customermanagementrequesttorejectflow">
    <skipped/>
  </testcase> <!-- customermanagementrequesttorejectflow -->
  <testcase classname="opsTestcaseExecution.opscustomermanagementExecutionclass" name="customermanagementassignflow">
    <skipped/>
  </testcase> <!-- customermanagementassignflow -->
</testsuite> <!-- opsTestcaseExecution.opscustomermanagementExecutionclass -->
