<?xml version="1.0" encoding="UTF-8"?>
<!-- Generated by org.testng.reporters.JUnitReportReporter -->
<testsuite hostname="DESKTOP-CVGL8I0" failures="0" tests="1" name="opsTestcaseExecution.opstransportmanagementExecutionclass" time="10.652" errors="0" timestamp="2025-11-06T22:24:58 IST" skipped="0">
  <testcase classname="opsTestcaseExecution.opstransportmanagementExecutionclass" name="createtransportmanagement" time="10.652"/>
</testsuite> <!-- opsTestcaseExecution.opstransportmanagementExecutionclass -->
