<?xml version="1.0" encoding="UTF-8"?>
<!-- Generated by org.testng.reporters.JUnitReportReporter -->
<testsuite hostname="Active34" failures="0" tests="2" name="opsTestcaseExecution.opsvendormanagementExecutionclass" time="16.548" errors="0" timestamp="2025-12-24T17:43:21 IST" skipped="1">
  <testcase classname="opsTestcaseExecution.opsvendormanagementExecutionclass" name="vendormanagementlistpage" time="16.548"/>
  <testcase classname="opsTestcaseExecution.opsvendormanagementExecutionclass" name="opsvendorapprovalflow">
    <skipped/>
  </testcase> <!-- opsvendorapprovalflow -->
</testsuite> <!-- opsTestcaseExecution.opsvendormanagementExecutionclass -->
