<?xml version="1.0" encoding="UTF-8"?>
<!-- Generated by org.testng.reporters.JUnitReportReporter -->
<testsuite hostname="DESKTOP-CVGL8I0" failures="0" tests="2" name="opsTestcaseExecution.opscustomermanagementExecutionclass" time="31.146" errors="0" timestamp="2025-11-03T19:25:37 IST" skipped="1">
  <testcase classname="opsTestcaseExecution.opscustomermanagementExecutionclass" name="customermanagementassignflow" time="31.146"/>
  <testcase classname="opsTestcaseExecution.opscustomermanagementExecutionclass" name="customermanagementapprovalflow">
    <skipped/>
  </testcase> <!-- customermanagementapprovalflow -->
</testsuite> <!-- opsTestcaseExecution.opscustomermanagementExecutionclass -->
