<?xml version="1.0" encoding="UTF-8"?>
<!-- Generated by org.testng.reporters.JUnitReportReporter -->
<testsuite hostname="Active34" failures="0" tests="3" name="opsTestcaseExecution.opsticketmanagementcloseticketExecutionclass" time="14.933" errors="0" timestamp="2025-12-19T12:08:33 IST" skipped="2">
  <testcase classname="opsTestcaseExecution.opsticketmanagementcloseticketExecutionclass" name="closeticketbyopsadminpage" time="14.933"/>
  <testcase classname="opsTestcaseExecution.opsticketmanagementcloseticketExecutionclass" name="Assignticketpage">
    <skipped/>
  </testcase> <!-- Assignticketpage -->
  <testcase classname="opsTestcaseExecution.opsticketmanagementcloseticketExecutionclass" name="escalateticketpage">
    <skipped/>
  </testcase> <!-- escalateticketpage -->
</testsuite> <!-- opsTestcaseExecution.opsticketmanagementcloseticketExecutionclass -->
