<?xml version="1.0" encoding="UTF-8"?>
<!-- Generated by org.testng.reporters.JUnitReportReporter -->
<testsuite hostname="Active34" failures="0" tests="5" name="opsTestcaseExecution.opslistingmanagementExecutionclass" time="14.197" errors="0" timestamp="2025-12-24T15:48:15 IST" skipped="4">
  <testcase classname="opsTestcaseExecution.opslistingmanagementExecutionclass" name="listingmanagementlist" time="14.197"/>
  <testcase classname="opsTestcaseExecution.opslistingmanagementExecutionclass" name="listingmanagementassign">
    <skipped/>
  </testcase> <!-- listingmanagementassign -->
  <testcase classname="opsTestcaseExecution.opslistingmanagementExecutionclass" name="listingmanagementrequesttoreject">
    <skipped/>
  </testcase> <!-- listingmanagementrequesttoreject -->
  <testcase classname="opsTestcaseExecution.opslistingmanagementExecutionclass" name="listingmanagementrequesttorejctexecutive">
    <skipped/>
  </testcase> <!-- listingmanagementrequesttorejctexecutive -->
  <testcase classname="opsTestcaseExecution.opslistingmanagementExecutionclass" name="listingmanagementapproval">
    <skipped/>
  </testcase> <!-- listingmanagementapproval -->
</testsuite> <!-- opsTestcaseExecution.opslistingmanagementExecutionclass -->
