<?xml version="1.0" encoding="UTF-8"?>
<!-- Generated by org.testng.reporters.JUnitReportReporter -->
<testsuite hostname="DESKTOP-CVGL8I0" failures="0" tests="5" name="opsTestcaseExecution.opslistingmanagementExecutionclass" time="16.210" errors="0" timestamp="2025-11-06T22:08:46 IST" skipped="4">
  <testcase classname="opsTestcaseExecution.opslistingmanagementExecutionclass" name="listingmanagementrequesttoreject" time="16.210"/>
  <testcase classname="opsTestcaseExecution.opslistingmanagementExecutionclass" name="listingmanagementassign">
    <skipped/>
  </testcase> <!-- listingmanagementassign -->
  <testcase classname="opsTestcaseExecution.opslistingmanagementExecutionclass" name="listingmanagementrequesttorejctexecutive">
    <skipped/>
  </testcase> <!-- listingmanagementrequesttorejctexecutive -->
  <testcase classname="opsTestcaseExecution.opslistingmanagementExecutionclass" name="listingmanagementapproval">
    <skipped/>
  </testcase> <!-- listingmanagementapproval -->
  <testcase classname="opsTestcaseExecution.opslistingmanagementExecutionclass" name="listingmanagementlist">
    <skipped/>
  </testcase> <!-- listingmanagementlist -->
</testsuite> <!-- opsTestcaseExecution.opslistingmanagementExecutionclass -->
