<?xml version="1.0" encoding="UTF-8"?>
<!-- Generated by org.testng.reporters.JUnitReportReporter -->
<testsuite hostname="DESKTOP-CVGL8I0" failures="0" tests="1" name="opsTestcaseExecution.opsordermanagementExecutionclass" time="20.930" errors="1" timestamp="2025-11-05T21:36:05 IST" skipped="0">
  <testcase classname="opsTestcaseExecution.opsordermanagementExecutionclass" name="ordermanagementlistpage" time="20.930">
    <error message="Expected condition failed: waiting for visibility of all [[[ChromeDriver: chrome on windows (a3e83e93d707ab935f89074fadd78d92)] -&gt; xpath: //div[@class=&#039;ant-select-item ant-select-item-option&#039;]], [[ChromeDriver: chrome on windows (a3e83e93d707ab935f89074fadd78d92)] -&gt; xpath: //div[@class=&#039;ant-select-item ant-select-item-option&#039;]], [[ChromeDriver: chrome on windows (a3e83e93d707ab935f89074fadd78d92)] -&gt; xpath: //div[@class=&#039;ant-select-item ant-select-item-option&#039;]], [[ChromeDriver: chrome on windows (a3e83e93d707ab935f89074fadd78d92)] -&gt; xpath: //div[@class=&#039;ant-select-item ant-select-item-option&#039;]], [[ChromeDriver: chrome on windows (a3e83e93d707ab935f89074fadd78d92)] -&gt; xpath: //div[@class=&#039;ant-select-item ant-select-item-option&#039;]]] (tried for 10 second(s) with 500 milliseconds interval)
Build info: version: &#039;4.27.0&#039;, revision: &#039;d6e718d134&#039;
System info: os.name: &#039;Windows 10&#039;, os.arch: &#039;amd64&#039;, os.version: &#039;10.0&#039;, java.version: &#039;23.0.1&#039;
Driver info: org.openqa.selenium.chrome.ChromeDriver
Capabilities {acceptInsecureCerts: false, browserName: chrome, browserVersion: 141.0.7390.123, chrome: {chromedriverVersion: 141.0.7390.122 (b477534e7e1..., userDataDir: C:\Users\User\AppData\Local...}, fedcm:accounts: true, goog:chromeOptions: {debuggerAddress: localhost:61992}, networkConnectionEnabled: false, pageLoadStrategy: normal, platformName: windows, proxy: Proxy(), se:cdp: ws://localhost:61992/devtoo..., se:cdpVersion: 141.0.7390.123, setWindowRect: true, strictFileInteractability: false, timeouts: {implicit: 0, pageLoad: 300000, script: 30000}, unhandledPromptBehavior: dismiss and notify, webauthn:extension:credBlob: true, webauthn:extension:largeBlob: true, webauthn:extension:minPinLength: true, webauthn:extension:prf: true, webauthn:virtualAuthenticators: true}
Session ID: a3e83e93d707ab935f89074fadd78d92" type="org.openqa.selenium.TimeoutException">
      <![CDATA[org.openqa.selenium.TimeoutException: Expected condition failed: waiting for visibility of all [[[ChromeDriver: chrome on windows (a3e83e93d707ab935f89074fadd78d92)] -> xpath: //div[@class='ant-select-item ant-select-item-option']], [[ChromeDriver: chrome on windows (a3e83e93d707ab935f89074fadd78d92)] -> xpath: //div[@class='ant-select-item ant-select-item-option']], [[ChromeDriver: chrome on windows (a3e83e93d707ab935f89074fadd78d92)] -> xpath: //div[@class='ant-select-item ant-select-item-option']], [[ChromeDriver: chrome on windows (a3e83e93d707ab935f89074fadd78d92)] -> xpath: //div[@class='ant-select-item ant-select-item-option']], [[ChromeDriver: chrome on windows (a3e83e93d707ab935f89074fadd78d92)] -> xpath: //div[@class='ant-select-item ant-select-item-option']]] (tried for 10 second(s) with 500 milliseconds interval)
Build info: version: '4.27.0', revision: 'd6e718d134'
System info: os.name: 'Windows 10', os.arch: 'amd64', os.version: '10.0', java.version: '23.0.1'
Driver info: org.openqa.selenium.chrome.ChromeDriver
Capabilities {acceptInsecureCerts: false, browserName: chrome, browserVersion: 141.0.7390.123, chrome: {chromedriverVersion: 141.0.7390.122 (b477534e7e1..., userDataDir: C:\Users\User\AppData\Local...}, fedcm:accounts: true, goog:chromeOptions: {debuggerAddress: localhost:61992}, networkConnectionEnabled: false, pageLoadStrategy: normal, platformName: windows, proxy: Proxy(), se:cdp: ws://localhost:61992/devtoo..., se:cdpVersion: 141.0.7390.123, setWindowRect: true, strictFileInteractability: false, timeouts: {implicit: 0, pageLoad: 300000, script: 30000}, unhandledPromptBehavior: dismiss and notify, webauthn:extension:credBlob: true, webauthn:extension:largeBlob: true, webauthn:extension:minPinLength: true, webauthn:extension:prf: true, webauthn:virtualAuthenticators: true}
Session ID: a3e83e93d707ab935f89074fadd78d92
at org.openqa.selenium.support.ui.WebDriverWait.timeoutException(WebDriverWait.java:84)
at org.openqa.selenium.support.ui.FluentWait.until(FluentWait.java:228)
at opspageobject.opsBasicpage.selectDropdownOption(opsBasicpage.java:101)
at opspageobject.opsordermanagementpage.opsordermanagementlistpage(opsordermanagementpage.java:52)
at opsTestcaseExecution.opsordermanagementExecutionclass.ordermanagementlistpage(opsordermanagementExecutionclass.java:14)
at java.base/jdk.internal.reflect.DirectMethodHandleAccessor.invoke(DirectMethodHandleAccessor.java:103)
at java.base/java.lang.reflect.Method.invoke(Method.java:580)
at org.testng.internal.invokers.MethodInvocationHelper.invokeMethod(MethodInvocationHelper.java:141)
at org.testng.internal.invokers.TestInvoker.invokeMethod(TestInvoker.java:686)
at org.testng.internal.invokers.TestInvoker.invokeTestMethod(TestInvoker.java:230)
at org.testng.internal.invokers.MethodRunner.runInSequence(MethodRunner.java:63)
at org.testng.internal.invokers.TestInvoker$MethodInvocationAgent.invoke(TestInvoker.java:992)
at org.testng.internal.invokers.TestInvoker.invokeTestMethods(TestInvoker.java:203)
at org.testng.internal.invokers.TestMethodWorker.invokeTestMethods(TestMethodWorker.java:154)
at org.testng.internal.invokers.TestMethodWorker.run(TestMethodWorker.java:134)
at java.base/java.util.ArrayList.forEach(ArrayList.java:1597)
at org.testng.TestRunner.privateRun(TestRunner.java:739)
at org.testng.TestRunner.run(TestRunner.java:614)
at org.testng.SuiteRunner.runTest(SuiteRunner.java:421)
at org.testng.SuiteRunner.runSequentially(SuiteRunner.java:413)
at org.testng.SuiteRunner.privateRun(SuiteRunner.java:373)
at org.testng.SuiteRunner.run(SuiteRunner.java:312)
at org.testng.SuiteRunnerWorker.runSuite(SuiteRunnerWorker.java:52)
at org.testng.SuiteRunnerWorker.run(SuiteRunnerWorker.java:95)
at org.testng.TestNG.runSuitesSequentially(TestNG.java:1274)
at org.testng.TestNG.runSuitesLocally(TestNG.java:1208)
at org.testng.TestNG.runSuites(TestNG.java:1112)
at org.testng.TestNG.run(TestNG.java:1079)
at org.testng.remote.AbstractRemoteTestNG.run(AbstractRemoteTestNG.java:115)
at org.testng.remote.RemoteTestNG.initAndRun(RemoteTestNG.java:293)
at org.testng.remote.RemoteTestNG.main(RemoteTestNG.java:91)
]]>
    </error>
  </testcase> <!-- ordermanagementlistpage -->
</testsuite> <!-- opsTestcaseExecution.opsordermanagementExecutionclass -->
